<?xml version="1.0" encoding="UTF-8"?>
<!-- Generated by org.testng.reporters.JUnitReportReporter -->
<testsuite skipped="0" hostname="LAPTOP-CESU4ELL" name="fb.opening" tests="1" failures="0" timestamp="20 Sep 2020 07:23:32 GMT" time="145.888" errors="0">
  <testcase name="logintoActime" time="145.888" classname="fb.opening"/>
</testsuite> <!-- fb.opening -->
